27/11/2017 09:57:32	This log contains information about the import schema operation into project 'YPMMSDatabase' on computer 'UKMANDACLWS1' by user 'dclayton'.
27/11/2017 09:57:33	Import of database schema has started.
27/11/2017 09:57:39	Gathering database options
27/11/2017 09:57:39	Gathering users
27/11/2017 09:57:39	Gathering roles
27/11/2017 09:57:39	Gathering application roles
27/11/2017 09:57:39	Gathering role memberships
27/11/2017 09:57:39	Gathering filegroups
27/11/2017 09:57:39	Gathering full-text catalogs
27/11/2017 09:57:39	Gathering assemblies
27/11/2017 09:57:39	Gathering certificates
27/11/2017 09:57:39	Gathering asymmetric keys
27/11/2017 09:57:39	Gathering symmetric keys
27/11/2017 09:57:39	Gathering encrypted symmetric keys
27/11/2017 09:57:39	Gathering schemas
27/11/2017 09:57:40	Gathering XML schema collections
27/11/2017 09:57:40	Gathering user-defined data types
27/11/2017 09:57:40	Gathering user-defined types
27/11/2017 09:57:40	Gathering table types
27/11/2017 09:57:40	Gathering unique keys for table types
27/11/2017 09:57:40	Gathering primary keys for table types
27/11/2017 09:57:40	Gathering indexes for table types
27/11/2017 09:57:40	Gathering check constraints for table types
27/11/2017 09:57:40	Gathering default constraints for table types
27/11/2017 09:57:40	Gathering partition functions
27/11/2017 09:57:40	Gathering partition schemes
27/11/2017 09:57:40	Gathering functions
27/11/2017 09:57:40	Gathering encrypted functions
27/11/2017 09:57:40	Gathering aggregates
27/11/2017 09:57:40	Gathering procedures
27/11/2017 09:57:40	Gathering encrypted procedures
27/11/2017 09:57:40	Gathering tables
27/11/2017 09:57:40	Gathering primary keys
27/11/2017 09:57:40	Gathering unique constraints
27/11/2017 09:57:40	Gathering foreign keys
27/11/2017 09:57:40	Gathering default constraints
27/11/2017 09:57:40	Gathering check constraints
27/11/2017 09:57:40	Gathering views
27/11/2017 09:57:40	Gathering encrypted views
27/11/2017 09:57:40	Gathering indexes
27/11/2017 09:57:40	Gathering statistics
27/11/2017 09:57:40	Gathering full-text index stoplists
27/11/2017 09:57:40	Gathering search property lists
27/11/2017 09:57:40	Gathering search properties
27/11/2017 09:57:40	Gathering full-text indexes
27/11/2017 09:57:40	Gathering column store indexes
27/11/2017 09:57:40	Gathering spatial indexes
27/11/2017 09:57:40	Gathering XML indexes
27/11/2017 09:57:40	Gathering Selective XML indexes
27/11/2017 09:57:40	Gathering encrypted triggers
27/11/2017 09:57:40	Gathering triggers
27/11/2017 09:57:40	Gathering encrypted and clr ddl triggers
27/11/2017 09:57:40	Gathering ddl triggers
27/11/2017 09:57:40	Gathering synonyms
27/11/2017 09:57:40	Gathering defaults
27/11/2017 09:57:40	Gathering data constraint uddt bindings
27/11/2017 09:57:40	Gathering rules
27/11/2017 09:57:40	Gathering data constraint uddt bindings
27/11/2017 09:57:40	Gathering message types
27/11/2017 09:57:40	Gathering queues
27/11/2017 09:57:40	Gathering contracts
27/11/2017 09:57:40	Gathering services
27/11/2017 09:57:40	Gathering event notifications
27/11/2017 09:57:40	Gathering remote service bindings
27/11/2017 09:57:40	Gathering broker priorities
27/11/2017 09:57:40	Gathering signatures
27/11/2017 09:57:40	Gathering data compression options
27/11/2017 09:57:40	Gathering sequence types
27/11/2017 09:57:40	Gathering database permissions
27/11/2017 09:57:40	Gathering extended properties
27/11/2017 09:57:40	Gathering credentials
27/11/2017 09:57:40	Gathering logins
27/11/2017 09:57:40	Gathering server audits
27/11/2017 09:57:41	Scanning project for duplicate elements
27/11/2017 09:57:42	Finished duplicate element processing
27/11/2017 09:57:42	Finished importing database.
27/11/2017 09:57:42	A summary of the import was saved to the following location: C:\YPSWebApp\YPSWebApp\YPMMSDatabase\Import Schema Logs\YPMMSDatabase_20171127095732.log
27/11/2017 09:57:42	Click Finish to continue...
