2017-09-06 11:43:37.0268 INFO LiveCollect.Display.Website.Startup Startup.Configuration() called
2017-09-06 11:46:19.9105 INFO LiveCollect.Display.Website.Controllers.AccountController User logged in: ITL Development (itldev@itl.com)
2017-09-06 11:53:12.7587 INFO LiveCollect.Display.Website.Controllers.AccountController User logged out: ITL Development (itldev@itl.com)
2017-09-06 11:53:27.0738 INFO LiveCollect.Display.Website.Controllers.AccountController User logged in: ITL USA (itlusa@itl.com)
2017-09-06 11:59:26.1786 INFO LiveCollect.Display.Website.Controllers.AccountController User logged out: ITL USA (itlusa@itl.com)
2017-09-06 11:59:31.3591 INFO LiveCollect.Display.Website.Controllers.AccountController User logged in: ITL Development (itldev@itl.com)
2017-09-06 13:43:58.7040 ERROR LiveCollect.Display.Website.Controllers.SystemEventsController System.NullReferenceException: Object reference not set to an instance of an object.
   at LiveCollect.Display.Website.Controllers.SystemEventsController.<GetLatestSystemEventsAsync>d__1.MoveNext() in C:\GitRepo\sb-connect-website\SCCWebsite\LiveCollect.Display.Website\Controllers\SystemEventsController.cs:line 56
2017-09-06 13:44:45.7249 INFO LiveCollect.Display.Website.Controllers.AccountController User logged in: Test Admin User (admin@test.com)
2017-09-06 13:48:12.6233 INFO LiveCollect.Display.Website.Startup Startup.Configuration() called
2017-09-06 13:48:24.7033 INFO LiveCollect.Display.Website.Controllers.AccountController User logged in: Test Admin User (admin@test.com)
2017-09-06 13:55:21.8020 INFO LiveCollect.Display.Website.Startup Startup.Configuration() called
2017-09-06 13:55:34.2969 INFO LiveCollect.Display.Website.Controllers.AccountController User logged in: ITL Development (itldev@itl.com)
2017-09-06 13:57:25.8754 INFO LiveCollect.Display.Website.Startup Startup.Configuration() called
2017-09-06 13:57:32.2052 INFO LiveCollect.Display.Website.Controllers.AccountController User logged in: ITL Development (itldev@itl.com)
2017-09-06 14:19:23.7906 INFO LiveCollect.Display.Website.Startup Startup.Configuration() called
2017-09-06 14:19:53.1657 INFO LiveCollect.Display.Website.Controllers.AccountController User logged in: OTP Building Plastics (karen@otpsupplies.co.uk)
2017-09-06 14:32:56.2224 INFO LiveCollect.Display.Website.Startup Startup.Configuration() called
2017-09-06 14:33:10.3768 INFO LiveCollect.Display.Website.Controllers.AccountController User logged in: ITL Development (itldev@itl.com)
2017-09-06 14:55:22.3212 INFO LiveCollect.Display.Website.Controllers.AccountController User logged out: ITL Development (itldev@itl.com)
2017-09-06 14:55:27.7735 INFO LiveCollect.Display.Website.Controllers.AccountController User logged in: ITL USA (itlusa@itl.com)
2017-09-06 14:55:53.7793 INFO LiveCollect.Display.Website.Controllers.AccountController User logged out: ITL USA (itlusa@itl.com)
2017-09-06 14:55:59.7166 INFO LiveCollect.Display.Website.Controllers.AccountController User logged in: ITL Development (itldev@itl.com)
2017-09-06 15:20:39.2923 INFO LiveCollect.Display.Website.Startup Startup.Configuration() called
2017-09-06 15:22:23.0751 INFO LiveCollect.Display.Website.Startup Startup.Configuration() called
2017-09-06 15:22:29.9374 INFO LiveCollect.Display.Website.Controllers.AccountController User logged in: ITL Development (itldev@itl.com)
2017-09-06 15:22:47.2207 INFO LiveCollect.Display.Website.Controllers.AccountController User logged out: ITL Development (itldev@itl.com)
2017-09-06 15:22:56.5657 INFO LiveCollect.Display.Website.Controllers.AccountController User logged in: Test Admin User (admin@test.com)
2017-09-06 15:30:45.8645 INFO LiveCollect.Display.Website.Controllers.AccountController User logged out: Test Admin User (admin@test.com)
2017-09-06 15:30:53.2891 INFO LiveCollect.Display.Website.Controllers.AccountController User logged in: ITL Development (itldev@itl.com)
2017-09-06 15:32:57.4759 INFO LiveCollect.Display.Website.Controllers.AccountController User logged out: ITL Development (itldev@itl.com)
2017-09-06 15:33:02.8923 INFO LiveCollect.Display.Website.Controllers.AccountController User logged in: Test Admin User (admin@test.com)
2017-09-06 15:35:54.6242 INFO LiveCollect.Display.Website.Controllers.AccountController User logged out: Test Admin User (admin@test.com)
2017-09-06 15:36:20.9361 INFO LiveCollect.Display.Website.Controllers.AccountController User logged in: ITL Development (itldev@itl.com)
2017-09-06 15:41:03.5556 INFO LiveCollect.Display.Website.Controllers.AccountController User logged out: ITL Development (itldev@itl.com)
2017-09-06 15:41:16.0234 INFO LiveCollect.Display.Website.Controllers.AccountController User logged in: Test Admin User (admin@test.com)
2017-09-06 15:41:37.6702 INFO LiveCollect.Display.Website.Controllers.AccountController User logged out: Test Admin User (admin@test.com)
2017-09-06 15:41:50.6472 INFO LiveCollect.Display.Website.Controllers.AccountController User logged in: ITL Development (itldev@itl.com)
2017-09-06 15:56:09.2767 INFO LiveCollect.Display.Website.Controllers.AccountController User logged out: ITL Development (itldev@itl.com)
2017-09-06 15:56:12.8596 INFO LiveCollect.Display.Website.Controllers.AccountController User logged in: ITL Development (itldev@itl.com)
2017-09-06 15:56:26.8944 INFO LiveCollect.Display.Website.Controllers.AccountController User logged in: ITL Development (itldev@itl.com)
2017-09-06 15:56:28.4429 INFO LiveCollect.Display.Website.Controllers.AccountController User logged in: ITL Development (itldev@itl.com)
2017-09-06 15:56:47.2343 INFO LiveCollect.Display.Website.Controllers.AccountController User logged in: ITL Development (itldev@itl.com)
2017-09-06 15:57:07.0210 INFO LiveCollect.Display.Website.Controllers.AccountController User logged out: ITL Development (itldev@itl.com)
2017-09-06 15:57:13.7437 INFO LiveCollect.Display.Website.Controllers.AccountController User logged in: ITL Development (itldev@itl.com)
2017-09-06 16:04:01.3142 INFO LiveCollect.Display.Website.Startup Startup.Configuration() called
