2017-09-07 07:31:49.2712 ERROR LiveCollect.Display.Website.Controllers.SystemEventsController System.NullReferenceException: Object reference not set to an instance of an object.
   at LiveCollect.Display.Website.Controllers.SystemEventsController.<GetLatestSystemEventsAsync>d__1.MoveNext() in C:\GitRepo\sb-connect-website\SCCWebsite\LiveCollect.Display.Website\Controllers\SystemEventsController.cs:line 56
2017-09-07 07:50:08.2472 INFO LiveCollect.Display.Website.Startup Startup.Configuration() called
2017-09-07 07:50:15.0849 ERROR LiveCollect.Display.Website.Controllers.SystemEventsController System.NullReferenceException: Object reference not set to an instance of an object.
   at LiveCollect.Display.Website.Controllers.SystemEventsController.<GetLatestSystemEventsAsync>d__1.MoveNext() in C:\GitRepo\sb-connect-website\SCCWebsite\LiveCollect.Display.Website\Controllers\SystemEventsController.cs:line 56
2017-09-07 07:50:20.9651 INFO LiveCollect.Display.Website.Controllers.AccountController User logged in: ITL Development (itldev@itl.com)
2017-09-07 08:30:23.9567 INFO LiveCollect.Display.Website.Startup Startup.Configuration() called
2017-09-07 08:30:41.3122 INFO LiveCollect.Display.Website.Controllers.AccountController User logged in: Test Admin User (admin@test.com)
2017-09-07 09:31:48.7839 INFO LiveCollect.Display.Website.Startup Startup.Configuration() called
2017-09-07 09:33:39.6282 INFO LiveCollect.Display.Website.Controllers.AccountController User logged in: OTP Building Plastics (karen@otpsupplies.co.uk)
2017-09-07 10:16:24.4005 INFO LiveCollect.Display.Website.Startup Startup.Configuration() called
2017-09-07 10:16:42.9907 INFO LiveCollect.Display.Website.Controllers.AccountController User logged in: OTP Building Plastics (karen@otpsupplies.co.uk)
2017-09-07 10:17:22.2814 INFO LiveCollect.Display.Website.Controllers.AccountController User logged out: OTP Building Plastics (karen@otpsupplies.co.uk)
2017-09-07 10:17:26.4266 INFO LiveCollect.Display.Website.Controllers.AccountController User logged in: Test Admin User (admin@test.com)
2017-09-07 10:22:40.8594 INFO LiveCollect.Display.Website.Startup Startup.Configuration() called
2017-09-07 10:23:01.2449 ERROR LiveCollect.Display.Website.Controllers.SystemEventsController System.NullReferenceException: Object reference not set to an instance of an object.
   at LiveCollect.Display.Website.Controllers.SystemEventsController.<GetLatestSystemEventsAsync>d__1.MoveNext() in C:\GitRepo\sb-connect-website\SCCWebsite\LiveCollect.Display.Website\Controllers\SystemEventsController.cs:line 56
2017-09-07 10:23:21.1953 INFO LiveCollect.Display.Website.Startup Startup.Configuration() called
2017-09-07 10:23:33.1620 INFO LiveCollect.Display.Website.Controllers.AccountController User logged in: Test Admin User (admin@test.com)
2017-09-07 10:31:48.5066 INFO LiveCollect.Display.Website.Startup Startup.Configuration() called
2017-09-07 10:32:04.5353 INFO LiveCollect.Display.Website.Controllers.AccountController User logged in: Test Admin User (admin@test.com)
2017-09-07 10:32:39.7481 INFO LiveCollect.Display.Website.Controllers.AccountController User logged out: Test Admin User (admin@test.com)
2017-09-07 10:32:57.5698 INFO LiveCollect.Display.Website.Controllers.AccountController User logged in: OTP Building Plastics (karen@otpsupplies.co.uk)
2017-09-07 10:41:27.4070 INFO LiveCollect.Display.Website.Startup Startup.Configuration() called
2017-09-07 10:41:37.2968 INFO LiveCollect.Display.Website.Controllers.AccountController User logged in: Test Admin User (admin@test.com)
2017-09-07 10:52:48.2425 INFO LiveCollect.Display.Website.Startup Startup.Configuration() called
2017-09-07 10:52:57.5337 INFO LiveCollect.Display.Website.Controllers.AccountController User logged in: Test Admin User (admin@test.com)
2017-09-07 11:03:43.0959 INFO LiveCollect.Display.Website.Startup Startup.Configuration() called
2017-09-07 11:03:52.1611 INFO LiveCollect.Display.Website.Controllers.AccountController User logged in: Test Admin User (admin@test.com)
2017-09-07 11:04:14.4217 INFO LiveCollect.Display.Website.Controllers.AccountController User logged out: Test Admin User (admin@test.com)
2017-09-07 11:04:32.3531 INFO LiveCollect.Display.Website.Controllers.AccountController User logged in: OTP Building Plastics (karen@otpsupplies.co.uk)
2017-09-07 11:26:02.8641 INFO LiveCollect.Display.Website.Startup Startup.Configuration() called
2017-09-07 11:26:13.5558 INFO LiveCollect.Display.Website.Controllers.AccountController User logged in: OTP Building Plastics (karen@otpsupplies.co.uk)
2017-09-07 11:41:43.5868 INFO LiveCollect.Display.Website.Startup Startup.Configuration() called
2017-09-07 11:41:50.3414 INFO LiveCollect.Display.Website.Controllers.AccountController User logged in: Test Admin User (admin@test.com)
2017-09-07 11:41:57.5036 INFO LiveCollect.Display.Website.Controllers.AccountController User logged out: Test Admin User (admin@test.com)
2017-09-07 11:42:14.1071 INFO LiveCollect.Display.Website.Controllers.AccountController User logged in: OTP Building Plastics (karen@otpsupplies.co.uk)
2017-09-07 11:54:04.7675 INFO LiveCollect.Display.Website.Startup Startup.Configuration() called
2017-09-07 11:54:23.4849 INFO LiveCollect.Display.Website.Controllers.AccountController User logged in: OTP Building Plastics (karen@otpsupplies.co.uk)
2017-09-07 13:27:46.6195 INFO LiveCollect.Display.Website.Startup Startup.Configuration() called
2017-09-07 13:28:09.0837 INFO LiveCollect.Display.Website.Controllers.AccountController User logged in: Test Admin User (admin@test.com)
2017-09-07 13:28:17.9548 INFO LiveCollect.Display.Website.Controllers.AccountController User logged out: Test Admin User (admin@test.com)
2017-09-07 13:28:59.7793 INFO LiveCollect.Display.Website.Controllers.AccountController User logged in: OTP Building Plastics (karen@otpsupplies.co.uk)
2017-09-07 14:16:04.3653 INFO LiveCollect.Display.Website.Startup Startup.Configuration() called
2017-09-07 14:16:39.5820 INFO LiveCollect.Display.Website.Controllers.AccountController User logged in: Test Admin User (admin@test.com)
2017-09-07 14:16:48.5136 INFO LiveCollect.Display.Website.Controllers.AccountController User logged out: Test Admin User (admin@test.com)
2017-09-07 14:16:59.5521 INFO LiveCollect.Display.Website.Controllers.AccountController User logged in: OTP Building Plastics (karen@otpsupplies.co.uk)
2017-09-07 14:21:07.2746 INFO LiveCollect.Display.Website.Startup Startup.Configuration() called
2017-09-07 14:26:35.6665 INFO LiveCollect.Display.Website.Controllers.AccountController User logged in: OTP Building Plastics (karen@otpsupplies.co.uk)
2017-09-07 14:29:38.4776 INFO LiveCollect.Display.Website.Startup Startup.Configuration() called
2017-09-07 14:30:46.2400 INFO LiveCollect.Display.Website.Startup Startup.Configuration() called
2017-09-07 14:32:52.6812 INFO LiveCollect.Display.Website.Startup Startup.Configuration() called
2017-09-07 14:33:50.5169 INFO LiveCollect.Display.Website.Controllers.AccountController User logged in: OTP Building Plastics (karen@otpsupplies.co.uk)
2017-09-07 14:52:19.9852 INFO LiveCollect.Display.Website.Controllers.AccountController User logged out: OTP Building Plastics (karen@otpsupplies.co.uk)
2017-09-07 14:52:33.4623 INFO LiveCollect.Display.Website.Controllers.AccountController User logged in: OTP Building Plastics (karen@otpsupplies.co.uk)
2017-09-07 14:54:16.6389 INFO LiveCollect.Display.Website.Startup Startup.Configuration() called
2017-09-07 14:54:39.6993 INFO LiveCollect.Display.Website.Controllers.AccountController User logged in: OTP Building Plastics (karen@otpsupplies.co.uk)
2017-09-07 14:59:02.5031 INFO LiveCollect.Display.Website.Startup Startup.Configuration() called
2017-09-07 14:59:07.3195 ERROR LiveCollect.Display.Website.Controllers.SystemEventsController System.NullReferenceException: Object reference not set to an instance of an object.
   at LiveCollect.Display.Website.Controllers.SystemEventsController.<GetLatestSystemEventsAsync>d__1.MoveNext() in C:\GitRepo\sb-connect-website\SCCWebsite\LiveCollect.Display.Website\Controllers\SystemEventsController.cs:line 56
2017-09-07 14:59:12.0990 ERROR LiveCollect.Display.Website.Controllers.SystemEventsController System.NullReferenceException: Object reference not set to an instance of an object.
   at LiveCollect.Display.Website.Controllers.SystemEventsController.<GetLatestSystemEventsAsync>d__1.MoveNext() in C:\GitRepo\sb-connect-website\SCCWebsite\LiveCollect.Display.Website\Controllers\SystemEventsController.cs:line 56
2017-09-07 14:59:55.2374 INFO LiveCollect.Display.Website.Controllers.AccountController User logged in: OTP Building Plastics (karen@otpsupplies.co.uk)
