2017-09-11 07:42:13.3115 INFO LiveCollect.Display.Website.Startup Startup.Configuration() called
2017-09-11 07:42:18.6454 ERROR LiveCollect.Display.Website.Controllers.SystemEventsController System.NullReferenceException: Object reference not set to an instance of an object.
   at LiveCollect.Display.Website.Controllers.SystemEventsController.<GetLatestSystemEventsAsync>d__1.MoveNext() in C:\GitRepo\sb-connect-website\SCCWebsite\LiveCollect.Display.Website\Controllers\SystemEventsController.cs:line 56
2017-09-11 07:42:54.6191 ERROR LiveCollect.Display.Website.Controllers.SystemEventsController System.NullReferenceException: Object reference not set to an instance of an object.
   at LiveCollect.Display.Website.Controllers.SystemEventsController.<GetLatestSystemEventsAsync>d__1.MoveNext() in C:\GitRepo\sb-connect-website\SCCWebsite\LiveCollect.Display.Website\Controllers\SystemEventsController.cs:line 56
2017-09-11 07:43:02.6629 ERROR LiveCollect.Display.Website.Controllers.SystemEventsController System.NullReferenceException: Object reference not set to an instance of an object.
   at LiveCollect.Display.Website.Controllers.SystemEventsController.<GetLatestSystemEventsAsync>d__1.MoveNext() in C:\GitRepo\sb-connect-website\SCCWebsite\LiveCollect.Display.Website\Controllers\SystemEventsController.cs:line 56
2017-09-11 07:47:13.9445 ERROR LiveCollect.Display.Website.Controllers.SystemEventsController System.NullReferenceException: Object reference not set to an instance of an object.
   at LiveCollect.Display.Website.Controllers.SystemEventsController.<GetLatestSystemEventsAsync>d__1.MoveNext() in C:\GitRepo\sb-connect-website\SCCWebsite\LiveCollect.Display.Website\Controllers\SystemEventsController.cs:line 56
2017-09-11 08:28:30.1453 INFO LiveCollect.Display.Website.Startup Startup.Configuration() called
2017-09-11 08:28:50.8714 INFO LiveCollect.Display.Website.Controllers.AccountController User logged in: Test Admin User (admin@test.com)
2017-09-11 08:29:12.0005 INFO LiveCollect.Display.Website.Controllers.AccountController User logged out: Test Admin User (admin@test.com)
2017-09-11 08:29:22.8190 INFO LiveCollect.Display.Website.Controllers.AccountController User logged in: OTP Building Plastics (karen@otpsupplies.co.uk)
2017-09-11 08:52:07.0861 INFO LiveCollect.Display.Website.Startup Startup.Configuration() called
2017-09-11 08:52:31.5397 INFO LiveCollect.Display.Website.Controllers.AccountController User logged in: OTP Building Plastics (karen@otpsupplies.co.uk)
2017-09-11 09:01:35.8972 INFO LiveCollect.Display.Website.Startup Startup.Configuration() called
2017-09-11 09:01:52.0368 INFO LiveCollect.Display.Website.Controllers.AccountController User logged in: OTP Building Plastics (karen@otpsupplies.co.uk)
2017-09-11 09:24:10.8841 INFO LiveCollect.Display.Website.Startup Startup.Configuration() called
2017-09-11 09:39:52.5178 ERROR LiveCollect.Display.Website.Controllers.SystemEventsController System.NullReferenceException: Object reference not set to an instance of an object.
   at LiveCollect.Display.Website.Controllers.SystemEventsController.<GetLatestSystemEventsAsync>d__1.MoveNext() in C:\GitRepo\sb-connect-website\SCCWebsite\LiveCollect.Display.Website\Controllers\SystemEventsController.cs:line 56
2017-09-11 09:40:08.5878 ERROR LiveCollect.Display.Website.Controllers.SystemEventsController System.NullReferenceException: Object reference not set to an instance of an object.
   at LiveCollect.Display.Website.Controllers.SystemEventsController.<GetLatestSystemEventsAsync>d__1.MoveNext() in C:\GitRepo\sb-connect-website\SCCWebsite\LiveCollect.Display.Website\Controllers\SystemEventsController.cs:line 56
2017-09-11 09:49:28.6012 INFO LiveCollect.Display.Website.Startup Startup.Configuration() called
2017-09-11 09:49:35.7295 ERROR LiveCollect.Display.Website.Controllers.SystemEventsController System.NullReferenceException: Object reference not set to an instance of an object.
   at LiveCollect.Display.Website.Controllers.SystemEventsController.<GetLatestSystemEventsAsync>d__1.MoveNext() in C:\GitRepo\sb-connect-website\SCCWebsite\LiveCollect.Display.Website\Controllers\SystemEventsController.cs:line 56
2017-09-11 09:50:01.3292 ERROR LiveCollect.Display.Website.Controllers.SystemEventsController System.NullReferenceException: Object reference not set to an instance of an object.
   at LiveCollect.Display.Website.Controllers.SystemEventsController.<GetLatestSystemEventsAsync>d__1.MoveNext() in C:\GitRepo\sb-connect-website\SCCWebsite\LiveCollect.Display.Website\Controllers\SystemEventsController.cs:line 56
2017-09-11 09:51:09.2581 ERROR LiveCollect.Display.Website.Controllers.SystemEventsController System.NullReferenceException: Object reference not set to an instance of an object.
   at LiveCollect.Display.Website.Controllers.SystemEventsController.<GetLatestSystemEventsAsync>d__1.MoveNext() in C:\GitRepo\sb-connect-website\SCCWebsite\LiveCollect.Display.Website\Controllers\SystemEventsController.cs:line 56
2017-09-11 09:51:51.0982 ERROR LiveCollect.Display.Website.Controllers.SystemEventsController System.NullReferenceException: Object reference not set to an instance of an object.
   at LiveCollect.Display.Website.Controllers.SystemEventsController.<GetLatestSystemEventsAsync>d__1.MoveNext() in C:\GitRepo\sb-connect-website\SCCWebsite\LiveCollect.Display.Website\Controllers\SystemEventsController.cs:line 56
2017-09-11 09:55:19.1306 ERROR LiveCollect.Display.Website.Controllers.SystemEventsController System.NullReferenceException: Object reference not set to an instance of an object.
   at LiveCollect.Display.Website.Controllers.SystemEventsController.<GetLatestSystemEventsAsync>d__1.MoveNext() in C:\GitRepo\sb-connect-website\SCCWebsite\LiveCollect.Display.Website\Controllers\SystemEventsController.cs:line 56
2017-09-11 09:55:38.4776 ERROR LiveCollect.Display.Website.Controllers.SystemEventsController System.NullReferenceException: Object reference not set to an instance of an object.
   at LiveCollect.Display.Website.Controllers.SystemEventsController.<GetLatestSystemEventsAsync>d__1.MoveNext() in C:\GitRepo\sb-connect-website\SCCWebsite\LiveCollect.Display.Website\Controllers\SystemEventsController.cs:line 56
2017-09-11 09:56:35.9816 INFO LiveCollect.Display.Website.Controllers.AccountController User logged in: OTP Building Plastics (karen@otpsupplies.co.uk)
2017-09-11 10:19:31.3259 INFO LiveCollect.Display.Website.Startup Startup.Configuration() called
2017-09-11 10:19:52.4030 INFO LiveCollect.Display.Website.Controllers.AccountController User logged in: OTP Building Plastics (karen@otpsupplies.co.uk)
2017-09-11 11:13:29.4927 INFO LiveCollect.Display.Website.Startup Startup.Configuration() called
2017-09-11 11:13:36.8546 ERROR LiveCollect.Display.Website.Controllers.SystemEventsController System.NullReferenceException: Object reference not set to an instance of an object.
   at LiveCollect.Display.Website.Controllers.SystemEventsController.<GetLatestSystemEventsAsync>d__1.MoveNext() in C:\GitRepo\sb-connect-website\SCCWebsite\LiveCollect.Display.Website\Controllers\SystemEventsController.cs:line 56
2017-09-11 11:20:11.1217 ERROR LiveCollect.Display.Website.Controllers.SystemEventsController System.NullReferenceException: Object reference not set to an instance of an object.
   at LiveCollect.Display.Website.Controllers.SystemEventsController.<GetLatestSystemEventsAsync>d__1.MoveNext() in C:\GitRepo\sb-connect-website\SCCWebsite\LiveCollect.Display.Website\Controllers\SystemEventsController.cs:line 56
2017-09-11 11:25:09.2802 ERROR LiveCollect.Display.Website.Controllers.SystemEventsController System.NullReferenceException: Object reference not set to an instance of an object.
   at LiveCollect.Display.Website.Controllers.SystemEventsController.<GetLatestSystemEventsAsync>d__1.MoveNext() in C:\GitRepo\sb-connect-website\SCCWebsite\LiveCollect.Display.Website\Controllers\SystemEventsController.cs:line 56
2017-09-11 11:25:28.2521 ERROR LiveCollect.Display.Website.Controllers.SystemEventsController System.NullReferenceException: Object reference not set to an instance of an object.
   at LiveCollect.Display.Website.Controllers.SystemEventsController.<GetLatestSystemEventsAsync>d__1.MoveNext() in C:\GitRepo\sb-connect-website\SCCWebsite\LiveCollect.Display.Website\Controllers\SystemEventsController.cs:line 56
2017-09-11 11:27:13.8253 ERROR LiveCollect.Display.Website.Controllers.SystemEventsController System.NullReferenceException: Object reference not set to an instance of an object.
   at LiveCollect.Display.Website.Controllers.SystemEventsController.<GetLatestSystemEventsAsync>d__1.MoveNext() in C:\GitRepo\sb-connect-website\SCCWebsite\LiveCollect.Display.Website\Controllers\SystemEventsController.cs:line 56
2017-09-11 11:31:18.5685 ERROR LiveCollect.Display.Website.Controllers.SystemEventsController System.NullReferenceException: Object reference not set to an instance of an object.
   at LiveCollect.Display.Website.Controllers.SystemEventsController.<GetLatestSystemEventsAsync>d__1.MoveNext() in C:\GitRepo\sb-connect-website\SCCWebsite\LiveCollect.Display.Website\Controllers\SystemEventsController.cs:line 56
2017-09-11 11:32:51.3618 ERROR LiveCollect.Display.Website.Controllers.SystemEventsController System.NullReferenceException: Object reference not set to an instance of an object.
   at LiveCollect.Display.Website.Controllers.SystemEventsController.<GetLatestSystemEventsAsync>d__1.MoveNext() in C:\GitRepo\sb-connect-website\SCCWebsite\LiveCollect.Display.Website\Controllers\SystemEventsController.cs:line 56
2017-09-11 11:38:42.2180 ERROR LiveCollect.Display.Website.Controllers.SystemEventsController System.NullReferenceException: Object reference not set to an instance of an object.
   at LiveCollect.Display.Website.Controllers.SystemEventsController.<GetLatestSystemEventsAsync>d__1.MoveNext() in C:\GitRepo\sb-connect-website\SCCWebsite\LiveCollect.Display.Website\Controllers\SystemEventsController.cs:line 56
2017-09-11 11:40:36.7803 ERROR LiveCollect.Display.Website.Controllers.SystemEventsController System.NullReferenceException: Object reference not set to an instance of an object.
   at LiveCollect.Display.Website.Controllers.SystemEventsController.<GetLatestSystemEventsAsync>d__1.MoveNext() in C:\GitRepo\sb-connect-website\SCCWebsite\LiveCollect.Display.Website\Controllers\SystemEventsController.cs:line 56
2017-09-11 11:41:00.9992 ERROR LiveCollect.Display.Website.Controllers.SystemEventsController System.NullReferenceException: Object reference not set to an instance of an object.
   at LiveCollect.Display.Website.Controllers.SystemEventsController.<GetLatestSystemEventsAsync>d__1.MoveNext() in C:\GitRepo\sb-connect-website\SCCWebsite\LiveCollect.Display.Website\Controllers\SystemEventsController.cs:line 56
2017-09-11 11:41:32.3153 ERROR LiveCollect.Display.Website.Controllers.SystemEventsController System.NullReferenceException: Object reference not set to an instance of an object.
   at LiveCollect.Display.Website.Controllers.SystemEventsController.<GetLatestSystemEventsAsync>d__1.MoveNext() in C:\GitRepo\sb-connect-website\SCCWebsite\LiveCollect.Display.Website\Controllers\SystemEventsController.cs:line 56
2017-09-11 11:46:31.3856 ERROR LiveCollect.Display.Website.Controllers.SystemEventsController System.NullReferenceException: Object reference not set to an instance of an object.
   at LiveCollect.Display.Website.Controllers.SystemEventsController.<GetLatestSystemEventsAsync>d__1.MoveNext() in C:\GitRepo\sb-connect-website\SCCWebsite\LiveCollect.Display.Website\Controllers\SystemEventsController.cs:line 56
2017-09-11 11:47:32.5422 ERROR LiveCollect.Display.Website.Controllers.SystemEventsController System.NullReferenceException: Object reference not set to an instance of an object.
   at LiveCollect.Display.Website.Controllers.SystemEventsController.<GetLatestSystemEventsAsync>d__1.MoveNext() in C:\GitRepo\sb-connect-website\SCCWebsite\LiveCollect.Display.Website\Controllers\SystemEventsController.cs:line 56
2017-09-11 11:48:17.5352 ERROR LiveCollect.Display.Website.Controllers.SystemEventsController System.NullReferenceException: Object reference not set to an instance of an object.
   at LiveCollect.Display.Website.Controllers.SystemEventsController.<GetLatestSystemEventsAsync>d__1.MoveNext() in C:\GitRepo\sb-connect-website\SCCWebsite\LiveCollect.Display.Website\Controllers\SystemEventsController.cs:line 56
2017-09-11 11:48:25.5732 ERROR LiveCollect.Display.Website.Controllers.SystemEventsController System.NullReferenceException: Object reference not set to an instance of an object.
   at LiveCollect.Display.Website.Controllers.SystemEventsController.<GetLatestSystemEventsAsync>d__1.MoveNext() in C:\GitRepo\sb-connect-website\SCCWebsite\LiveCollect.Display.Website\Controllers\SystemEventsController.cs:line 56
2017-09-11 11:56:59.1437 ERROR LiveCollect.Display.Website.Controllers.SystemEventsController System.NullReferenceException: Object reference not set to an instance of an object.
   at LiveCollect.Display.Website.Controllers.SystemEventsController.<GetLatestSystemEventsAsync>d__1.MoveNext() in C:\GitRepo\sb-connect-website\SCCWebsite\LiveCollect.Display.Website\Controllers\SystemEventsController.cs:line 56
2017-09-11 11:57:06.9767 ERROR LiveCollect.Display.Website.Controllers.SystemEventsController System.NullReferenceException: Object reference not set to an instance of an object.
   at LiveCollect.Display.Website.Controllers.SystemEventsController.<GetLatestSystemEventsAsync>d__1.MoveNext() in C:\GitRepo\sb-connect-website\SCCWebsite\LiveCollect.Display.Website\Controllers\SystemEventsController.cs:line 56
2017-09-11 11:59:57.9102 INFO LiveCollect.Display.Website.Controllers.AccountController User logged in: OTP Building Plastics (karen@otpsupplies.co.uk)
2017-09-11 13:08:16.2991 ERROR LiveCollect.Display.Website.Controllers.SystemEventsController System.NullReferenceException: Object reference not set to an instance of an object.
   at LiveCollect.Display.Website.Controllers.SystemEventsController.<GetLatestSystemEventsAsync>d__1.MoveNext() in C:\GitRepo\sb-connect-website\SCCWebsite\LiveCollect.Display.Website\Controllers\SystemEventsController.cs:line 56
2017-09-11 13:09:06.5624 ERROR LiveCollect.Display.Website.Controllers.SystemEventsController System.NullReferenceException: Object reference not set to an instance of an object.
   at LiveCollect.Display.Website.Controllers.SystemEventsController.<GetLatestSystemEventsAsync>d__1.MoveNext() in C:\GitRepo\sb-connect-website\SCCWebsite\LiveCollect.Display.Website\Controllers\SystemEventsController.cs:line 56
2017-09-11 13:09:09.9852 ERROR LiveCollect.Display.Website.Controllers.SystemEventsController System.NullReferenceException: Object reference not set to an instance of an object.
   at LiveCollect.Display.Website.Controllers.SystemEventsController.<GetLatestSystemEventsAsync>d__1.MoveNext() in C:\GitRepo\sb-connect-website\SCCWebsite\LiveCollect.Display.Website\Controllers\SystemEventsController.cs:line 56
2017-09-11 13:09:51.9811 INFO LiveCollect.Display.Website.Controllers.AccountController User logged in: OTP Building Plastics (karen@otpsupplies.co.uk)
2017-09-11 14:04:38.6795 INFO LiveCollect.Display.Website.Startup Startup.Configuration() called
2017-09-11 14:05:20.4581 ERROR LiveCollect.Display.Website.Controllers.SystemEventsController System.NullReferenceException: Object reference not set to an instance of an object.
   at LiveCollect.Display.Website.Controllers.SystemEventsController.<GetLatestSystemEventsAsync>d__1.MoveNext() in C:\GitRepo\sb-connect-website\SCCWebsite\LiveCollect.Display.Website\Controllers\SystemEventsController.cs:line 56
2017-09-11 14:06:23.6905 ERROR LiveCollect.Display.Website.Controllers.SystemEventsController System.NullReferenceException: Object reference not set to an instance of an object.
   at LiveCollect.Display.Website.Controllers.SystemEventsController.<GetLatestSystemEventsAsync>d__1.MoveNext() in C:\GitRepo\sb-connect-website\SCCWebsite\LiveCollect.Display.Website\Controllers\SystemEventsController.cs:line 56
2017-09-11 14:08:07.0433 ERROR LiveCollect.Display.Website.Controllers.SystemEventsController System.NullReferenceException: Object reference not set to an instance of an object.
   at LiveCollect.Display.Website.Controllers.SystemEventsController.<GetLatestSystemEventsAsync>d__1.MoveNext() in C:\GitRepo\sb-connect-website\SCCWebsite\LiveCollect.Display.Website\Controllers\SystemEventsController.cs:line 56
2017-09-11 14:08:34.5954 ERROR LiveCollect.Display.Website.Controllers.SystemEventsController System.NullReferenceException: Object reference not set to an instance of an object.
   at LiveCollect.Display.Website.Controllers.SystemEventsController.<GetLatestSystemEventsAsync>d__1.MoveNext() in C:\GitRepo\sb-connect-website\SCCWebsite\LiveCollect.Display.Website\Controllers\SystemEventsController.cs:line 56
2017-09-11 14:09:45.8323 INFO LiveCollect.Display.Website.Controllers.AccountController User logged in: OTP Building Plastics (karen@otpsupplies.co.uk)
2017-09-11 14:30:50.9290 INFO LiveCollect.Display.Website.Startup Startup.Configuration() called
2017-09-11 14:31:05.2974 INFO LiveCollect.Display.Website.Controllers.AccountController User logged in: OTP Building Plastics (karen@otpsupplies.co.uk)
2017-09-11 14:47:46.9912 INFO LiveCollect.Display.Website.Controllers.AccountController User logged out: OTP Building Plastics (karen@otpsupplies.co.uk)
2017-09-11 14:47:51.7867 INFO LiveCollect.Display.Website.Controllers.AccountController User logged in: ITL USA (itlusa@itl.com)
2017-09-11 15:01:07.2093 INFO LiveCollect.Display.Website.Controllers.AccountController User logged out: ITL USA (itlusa@itl.com)
2017-09-11 15:01:25.1966 INFO LiveCollect.Display.Website.Controllers.AccountController User logged in: OTP Building Plastics (karen@otpsupplies.co.uk)
2017-09-11 16:02:44.9531 INFO LiveCollect.Display.Website.Controllers.AccountController User logged out: OTP Building Plastics (karen@otpsupplies.co.uk)
2017-09-11 16:02:54.4797 INFO LiveCollect.Display.Website.Controllers.AccountController User logged in: ITL USA (itlusa@itl.com)
2017-09-11 16:06:59.5720 INFO LiveCollect.Display.Website.Startup Startup.Configuration() called
2017-09-11 16:20:43.7686 INFO LiveCollect.Display.Website.Startup Startup.Configuration() called
2017-09-11 16:20:51.7364 INFO LiveCollect.Display.Website.Controllers.AccountController User logged in: OTP Building Plastics (karen@otpsupplies.co.uk)
